{"/home/twilightuser/Documents/workspace/Practice/src/sum.js":{"path":"/home/twilightuser/Documents/workspace/Practice/src/sum.js","s":{"1":1,"2":3,"3":3,"4":2,"5":1,"6":1},"b":{"1":[2,1],"2":[3,1]},"f":{"1":3,"2":3},"fnMap":{"1":{"name":"(anonymous_1)","line":3,"loc":{"start":{"line":3,"column":9},"end":{"line":3,"column":25}}},"2":{"name":"(anonymous_2)","line":4,"loc":{"start":{"line":4,"column":27},"end":{"line":4,"column":54}}}},"statementMap":{"1":{"start":{"line":1,"column":0},"end":{"line":14,"column":2}},"2":{"start":{"line":4,"column":8},"end":{"line":11,"column":10}},"3":{"start":{"line":5,"column":12},"end":{"line":10,"column":13}},"4":{"start":{"line":6,"column":16},"end":{"line":6,"column":60}},"5":{"start":{"line":8,"column":16},"end":{"line":8,"column":39}},"6":{"start":{"line":9,"column":16},"end":{"line":9,"column":34}}},"branchMap":{"1":{"line":5,"type":"if","locations":[{"start":{"line":5,"column":12},"end":{"line":5,"column":12}},{"start":{"line":5,"column":12},"end":{"line":5,"column":12}}]},"2":{"line":5,"type":"binary-expr","locations":[{"start":{"line":5,"column":16},"end":{"line":5,"column":24}},{"start":{"line":5,"column":28},"end":{"line":5,"column":36}}]}}},"/home/twilightuser/Documents/workspace/Practice/src/divide.js":{"path":"/home/twilightuser/Documents/workspace/Practice/src/divide.js","s":{"1":1,"2":3,"3":3,"4":1,"5":2,"6":1,"7":1,"8":1},"b":{"1":[1,2],"2":[3,2],"3":[1,1],"4":[2,1]},"f":{"1":3,"2":3},"fnMap":{"1":{"name":"(anonymous_1)","line":3,"loc":{"start":{"line":3,"column":12},"end":{"line":3,"column":28}}},"2":{"name":"(anonymous_2)","line":4,"loc":{"start":{"line":4,"column":27},"end":{"line":4,"column":54}}}},"statementMap":{"1":{"start":{"line":1,"column":0},"end":{"line":17,"column":1}},"2":{"start":{"line":4,"column":8},"end":{"line":15,"column":10}},"3":{"start":{"line":5,"column":12},"end":{"line":14,"column":13}},"4":{"start":{"line":6,"column":16},"end":{"line":6,"column":59}},"5":{"start":{"line":8,"column":16},"end":{"line":13,"column":17}},"6":{"start":{"line":9,"column":20},"end":{"line":9,"column":81}},"7":{"start":{"line":11,"column":20},"end":{"line":11,"column":43}},"8":{"start":{"line":12,"column":20},"end":{"line":12,"column":38}}},"branchMap":{"1":{"line":5,"type":"if","locations":[{"start":{"line":5,"column":12},"end":{"line":5,"column":12}},{"start":{"line":5,"column":12},"end":{"line":5,"column":12}}]},"2":{"line":5,"type":"binary-expr","locations":[{"start":{"line":5,"column":16},"end":{"line":5,"column":24}},{"start":{"line":5,"column":28},"end":{"line":5,"column":36}}]},"3":{"line":8,"type":"if","locations":[{"start":{"line":8,"column":16},"end":{"line":8,"column":16}},{"start":{"line":8,"column":16},"end":{"line":8,"column":16}}]},"4":{"line":8,"type":"binary-expr","locations":[{"start":{"line":8,"column":20},"end":{"line":8,"column":26}},{"start":{"line":8,"column":30},"end":{"line":8,"column":36}}]}}},"/home/twilightuser/Documents/workspace/Practice/src/multiply.js":{"path":"/home/twilightuser/Documents/workspace/Practice/src/multiply.js","s":{"1":1,"2":3,"3":3,"4":1,"5":2,"6":2},"b":{"1":[1,2],"2":[3,2]},"f":{"1":3,"2":3},"fnMap":{"1":{"name":"(anonymous_1)","line":2,"loc":{"start":{"line":2,"column":14},"end":{"line":2,"column":30}}},"2":{"name":"(anonymous_2)","line":3,"loc":{"start":{"line":3,"column":27},"end":{"line":3,"column":54}}}},"statementMap":{"1":{"start":{"line":1,"column":0},"end":{"line":13,"column":1}},"2":{"start":{"line":3,"column":8},"end":{"line":10,"column":10}},"3":{"start":{"line":4,"column":12},"end":{"line":9,"column":13}},"4":{"start":{"line":5,"column":16},"end":{"line":5,"column":60}},"5":{"start":{"line":7,"column":16},"end":{"line":7,"column":39}},"6":{"start":{"line":8,"column":16},"end":{"line":8,"column":34}}},"branchMap":{"1":{"line":4,"type":"if","locations":[{"start":{"line":4,"column":12},"end":{"line":4,"column":12}},{"start":{"line":4,"column":12},"end":{"line":4,"column":12}}]},"2":{"line":4,"type":"binary-expr","locations":[{"start":{"line":4,"column":16},"end":{"line":4,"column":24}},{"start":{"line":4,"column":28},"end":{"line":4,"column":36}}]}}},"/home/twilightuser/Documents/workspace/Practice/src/subtract.js":{"path":"/home/twilightuser/Documents/workspace/Practice/src/subtract.js","s":{"1":1,"2":3,"3":3,"4":2,"5":1,"6":1},"b":{"1":[2,1],"2":[3,1]},"f":{"1":3,"2":3},"fnMap":{"1":{"name":"(anonymous_1)","line":2,"loc":{"start":{"line":2,"column":14},"end":{"line":2,"column":30}}},"2":{"name":"(anonymous_2)","line":3,"loc":{"start":{"line":3,"column":27},"end":{"line":3,"column":54}}}},"statementMap":{"1":{"start":{"line":1,"column":0},"end":{"line":14,"column":2}},"2":{"start":{"line":3,"column":8},"end":{"line":11,"column":10}},"3":{"start":{"line":4,"column":12},"end":{"line":9,"column":13}},"4":{"start":{"line":5,"column":16},"end":{"line":5,"column":60}},"5":{"start":{"line":7,"column":16},"end":{"line":7,"column":39}},"6":{"start":{"line":8,"column":16},"end":{"line":8,"column":34}}},"branchMap":{"1":{"line":4,"type":"if","locations":[{"start":{"line":4,"column":12},"end":{"line":4,"column":12}},{"start":{"line":4,"column":12},"end":{"line":4,"column":12}}]},"2":{"line":4,"type":"binary-expr","locations":[{"start":{"line":4,"column":16},"end":{"line":4,"column":24}},{"start":{"line":4,"column":28},"end":{"line":4,"column":36}}]}}}}