TN:
SF:/home/twilightuser/Documents/workspace/Practice/src/sum.js
FN:3,(anonymous_1)
FN:4,(anonymous_2)
FNF:2
FNH:2
FNDA:3,(anonymous_1)
FNDA:3,(anonymous_2)
DA:1,1
DA:4,3
DA:5,3
DA:6,2
DA:8,1
DA:9,1
LF:6
LH:6
BRDA:5,1,0,2
BRDA:5,1,1,1
BRDA:5,2,0,3
BRDA:5,2,1,1
BRF:4
BRH:4
end_of_record
TN:
SF:/home/twilightuser/Documents/workspace/Practice/src/divide.js
FN:3,(anonymous_1)
FN:4,(anonymous_2)
FNF:2
FNH:2
FNDA:3,(anonymous_1)
FNDA:3,(anonymous_2)
DA:1,1
DA:4,3
DA:5,3
DA:6,1
DA:8,2
DA:9,1
DA:11,1
DA:12,1
LF:8
LH:8
BRDA:5,1,0,1
BRDA:5,1,1,2
BRDA:5,2,0,3
BRDA:5,2,1,2
BRDA:8,3,0,1
BRDA:8,3,1,1
BRDA:8,4,0,2
BRDA:8,4,1,1
BRF:8
BRH:8
end_of_record
TN:
SF:/home/twilightuser/Documents/workspace/Practice/src/multiply.js
FN:2,(anonymous_1)
FN:3,(anonymous_2)
FNF:2
FNH:2
FNDA:3,(anonymous_1)
FNDA:3,(anonymous_2)
DA:1,1
DA:3,3
DA:4,3
DA:5,1
DA:7,2
DA:8,2
LF:6
LH:6
BRDA:4,1,0,1
BRDA:4,1,1,2
BRDA:4,2,0,3
BRDA:4,2,1,2
BRF:4
BRH:4
end_of_record
TN:
SF:/home/twilightuser/Documents/workspace/Practice/src/subtract.js
FN:2,(anonymous_1)
FN:3,(anonymous_2)
FNF:2
FNH:2
FNDA:3,(anonymous_1)
FNDA:3,(anonymous_2)
DA:1,1
DA:3,3
DA:4,3
DA:5,2
DA:7,1
DA:8,1
LF:6
LH:6
BRDA:4,1,0,2
BRDA:4,1,1,1
BRDA:4,2,0,3
BRDA:4,2,1,1
BRF:4
BRH:4
end_of_record
